Reading draft network from  modelHpoMerged.xml ... 
 Warning: R_r_1542 listOfProducts=None

 Warning: R_r_1545 listOfProducts=None

 Warning: R_r_1546 listOfProducts=None

 Warning: R_r_1547 listOfProducts=None

 Warning: R_r_1548 listOfProducts=None

 Warning: R_r_1549 listOfProducts=None

 Warning: R_r_1550 listOfProducts=None

 Warning: R_r_1551 listOfProducts=None

 Warning: R_r_1552 listOfProducts=None

 Warning: R_r_1553 listOfProducts=None

 Warning: R_r_1554 listOfProducts=None

 Warning: R_r_1563 listOfProducts=None

 Warning: R_r_1564 listOfProducts=None

 Warning: R_r_1565 listOfProducts=None

 Warning: R_r_1566 listOfProducts=None

 Warning: R_r_1572 listOfProducts=None

 Warning: R_r_1577 listOfProducts=None

 Warning: R_r_1580 listOfProducts=None

 Warning: R_r_1581 listOfProducts=None

 Warning: R_r_1586 listOfProducts=None

 Warning: R_r_1589 listOfProducts=None

 Warning: R_r_1598 listOfProducts=None

 Warning: R_r_1604 listOfProducts=None

 Warning: R_r_1621 listOfProducts=None

 Warning: R_r_1625 listOfProducts=None

 Warning: R_r_1627 listOfProducts=None

 Warning: R_r_1629 listOfProducts=None

 Warning: R_r_1630 listOfProducts=None

 Warning: R_r_1631 listOfProducts=None

 Warning: R_r_1634 listOfProducts=None

 Warning: R_r_1639 listOfProducts=None

 Warning: R_r_1641 listOfProducts=None

 Warning: R_r_1643 listOfProducts=None

 Warning: R_r_1648 listOfProducts=None

 Warning: R_r_1649 listOfProducts=None

 Warning: R_r_1650 listOfProducts=None

 Warning: R_r_1651 listOfProducts=None

 Warning: R_r_1654 listOfProducts=None

 Warning: R_r_1663 listOfProducts=None

 Warning: R_r_1671 listOfProducts=None

 Warning: R_r_1672 listOfProducts=None

 Warning: R_r_1683 listOfProducts=None

 Warning: R_r_1687 listOfProducts=None

 Warning: R_r_1702 listOfProducts=None

 Warning: R_r_1705 listOfProducts=None

 Warning: R_r_1706 listOfProducts=None

 Warning: R_r_1709 listOfProducts=None

 Warning: R_r_1710 listOfProducts=None

 Warning: R_r_1711 listOfProducts=None

 Warning: R_r_1712 listOfProducts=None

 Warning: R_r_1714 listOfProducts=None

 Warning: R_r_1715 listOfProducts=None

 Warning: R_r_1716 listOfProducts=None

 Warning: R_r_1718 listOfProducts=None

 Warning: R_r_1727 listOfProducts=None

 Warning: R_r_1730 listOfProducts=None

 Warning: R_r_1749 listOfProducts=None

 Warning: R_r_1753 listOfProducts=None

 Warning: R_r_1757 listOfProducts=None

 Warning: R_r_1761 listOfProducts=None

 Warning: R_r_1764 listOfProducts=None

 Warning: R_r_1765 listOfProducts=None

 Warning: R_r_1788 listOfProducts=None

 Warning: R_r_1791 listOfProducts=None

 Warning: R_r_1792 listOfProducts=None

 Warning: R_r_1793 listOfProducts=None

 Warning: R_r_1798 listOfProducts=None

 Warning: R_r_1800 listOfProducts=None

 Warning: R_r_1806 listOfProducts=None

 Warning: R_r_1807 listOfProducts=None

 Warning: R_r_1808 listOfProducts=None

 Warning: R_r_1810 listOfProducts=None

 Warning: R_r_1814 listOfProducts=None

 Warning: R_r_1815 listOfProducts=None

 Warning: R_r_1818 listOfProducts=None

 Warning: R_r_1820 listOfProducts=None

 Warning: R_r_1832 listOfProducts=None

 Warning: R_r_1834 listOfProducts=None

 Warning: R_r_1841 listOfProducts=None

 Warning: R_r_1843 listOfProducts=None

 Warning: R_r_1847 listOfProducts=None

 Warning: R_r_1861 listOfProducts=None

 Warning: R_r_1862 listOfProducts=None

 Warning: R_r_1865 listOfProducts=None

 Warning: R_r_1866 listOfProducts=None

 Warning: R_r_1867 listOfProducts=None

 Warning: R_r_1870 listOfProducts=None

 Warning: R_r_1873 listOfProducts=None

 Warning: R_r_1875 listOfProducts=None

 Warning: R_r_1878 listOfProducts=None

 Warning: R_r_1879 listOfProducts=None

 Warning: R_r_1880 listOfProducts=None

 Warning: R_r_1881 listOfProducts=None

 Warning: R_r_1883 listOfProducts=None

 Warning: R_r_1886 listOfProducts=None

 Warning: R_r_1889 listOfProducts=None

 Warning: R_r_1891 listOfProducts=None

 Warning: R_r_1893 listOfProducts=None

 Warning: R_r_1896 listOfProducts=None

 Warning: R_r_1897 listOfProducts=None

 Warning: R_r_1899 listOfProducts=None

 Warning: R_r_1900 listOfProducts=None

 Warning: R_r_1902 listOfProducts=None

 Warning: R_r_1903 listOfProducts=None

 Warning: R_r_1904 listOfProducts=None

 Warning: R_r_1906 listOfProducts=None

 Warning: R_r_1909 listOfProducts=None

 Warning: R_r_1911 listOfProducts=None

 Warning: R_r_1912 listOfProducts=None

 Warning: R_r_1913 listOfProducts=None

 Warning: R_r_1914 listOfProducts=None

 Warning: R_r_1915 listOfProducts=None

 Warning: R_r_1916 listOfProducts=None

 Warning: R_r_1931 listOfProducts=None

 Warning: R_r_1947 listOfProducts=None

 Warning: R_r_1952 listOfProducts=None

 Warning: R_r_1967 listOfProducts=None

 Warning: R_r_1968 listOfProducts=None

 Warning: R_r_1984 listOfProducts=None

 Warning: R_r_1987 listOfProducts=None

 Warning: R_r_1989 listOfProducts=None

 Warning: R_r_1992 listOfProducts=None

 Warning: R_r_1993 listOfProducts=None

 Warning: R_r_1994 listOfProducts=None

 Warning: R_r_1999 listOfProducts=None

 Warning: R_r_2000 listOfProducts=None

 Warning: R_r_2001 listOfProducts=None

 Warning: R_r_2005 listOfProducts=None

 Warning: R_r_2020 listOfProducts=None

 Warning: R_r_2024 listOfProducts=None

 Warning: R_r_2028 listOfProducts=None

 Warning: R_r_2033 listOfProducts=None

 Warning: R_r_2038 listOfProducts=None

 Warning: R_r_2043 listOfProducts=None

 Warning: R_r_2044 listOfProducts=None

 Warning: R_r_2046 listOfProducts=None

 Warning: R_r_2049 listOfProducts=None

 Warning: R_r_2051 listOfProducts=None

 Warning: R_r_2052 listOfProducts=None

 Warning: R_r_2055 listOfProducts=None

 Warning: R_r_2056 listOfProducts=None

 Warning: R_r_2058 listOfProducts=None

 Warning: R_r_2060 listOfProducts=None

 Warning: R_r_2061 listOfProducts=None

 Warning: R_r_2062 listOfProducts=None

 Warning: R_r_2066 listOfProducts=None

 Warning: R_r_2067 listOfProducts=None

 Warning: R_r_2068 listOfProducts=None

 Warning: R_r_2073 listOfProducts=None

 Warning: R_r_2083 listOfProducts=None

 Warning: R_r_2090 listOfProducts=None

 Warning: R_r_2091 listOfProducts=None

 Warning: R_r_2092 listOfProducts=None

 Warning: R_r_2100 listOfProducts=None

 Warning: R_r_2102 listOfProducts=None

 Warning: R_r_2104 listOfProducts=None

 Warning: R_r_2106 listOfProducts=None

 Warning: R_r_2111 listOfProducts=None

 Warning: R_r_2134 listOfProducts=None

 Warning: R_r_2137 listOfProducts=None

 Warning: R_r_2187 listOfProducts=None

 Warning: R_r_2188 listOfProducts=None

 Warning: R_r_2189 listOfProducts=None

 Warning: R_r_2193 listOfProducts=None

 Warning: R_r_4043 listOfProducts=None

 Warning: R_r_4044 listOfProducts=None

 Warning: R_r_4062 listOfProducts=None

 Warning: R_r_4064 listOfProducts=None

 Warning: R_r_4442 listOfProducts=None

 Warning: R_r_4494 listOfProducts=None

 Warning: R_r_4496 listOfProducts=None

 Warning: R_r_4497 listOfProducts=None

 Warning: R_r_4498 listOfProducts=None

 Warning: R_r_4499 listOfProducts=None

 Warning: R_r_4500 listOfProducts=None

 Warning: R_r_4501 listOfProducts=None

 Warning: R_r_4502 listOfProducts=None

 Warning: R_r_4503 listOfProducts=None

 Warning: R_r_4504 listOfProducts=None

 Warning: R_r_4505 listOfProducts=None

 Warning: R_r_4506 listOfProducts=None

 Warning: R_r_4507 listOfProducts=None

 Warning: R_r_4508 listOfProducts=None

 Warning: R_r_4509 listOfProducts=None

 Warning: R_r_4510 listOfProducts=None

 Warning: R_r_4511 listOfProducts=None

 Warning: R_r_4512 listOfProducts=None

 Warning: R_r_4513 listOfProducts=None

 Warning: R_r_4514 listOfProducts=None

 Warning: R_r_4515 listOfProducts=None

 Warning: R_r_4516 listOfProducts=None

 Warning: R_r_4517 listOfProducts=None

 Warning: R_r_4518 listOfProducts=None

 Warning: R_r_4519 listOfProducts=None

 Warning: R_r_4520 listOfProducts=None

 Warning: R_r_4521 listOfProducts=None

 Warning: R_r_4522 listOfProducts=None

 Warning: R_r_4523 listOfProducts=None

 Warning: R_r_4524 listOfProducts=None

 Warning: R_r_4525 listOfProducts=None

 Warning: R_r_4526 listOfProducts=None

 Warning: R_r_4527 listOfProducts=None

 Warning: R_r_4528 listOfProducts=None

 Warning: R_r_4529 listOfProducts=None

 Warning: R_r_4530 listOfProducts=None

 Warning: R_r_4531 listOfProducts=None

 Warning: R_r_4532 listOfProducts=None

 Warning: R_r_4533 listOfProducts=None

 Warning: R_r_4534 listOfProducts=None

 Warning: R_r_4535 listOfProducts=None

 Warning: R_r_4536 listOfProducts=None

 Warning: R_r_4537 listOfProducts=None

 Warning: R_r_4538 listOfProducts=None

 Warning: R_r_4539 listOfProducts=None

 Warning: R_r_4540 listOfProducts=None

 Warning: R_r_4541 listOfProducts=None

 Warning: R_r_4542 listOfProducts=None

 Warning: R_r_4543 listOfProducts=None

 Warning: R_r_4544 listOfProducts=None

 Warning: R_r_4545 listOfProducts=None

 Warning: R_r_4546 listOfProducts=None

 Warning: R_r_4547 listOfProducts=None

 Warning: R_r_4548 listOfProducts=None

 Warning: R_r_4549 listOfProducts=None

 Warning: R_r_4550 listOfProducts=None

 Warning: R_r_4551 listOfProducts=None

 Warning: R_r_4552 listOfProducts=None

 Warning: R_r_4553 listOfProducts=None

 Warning: R_r_4554 listOfProducts=None

 Warning: R_r_4555 listOfProducts=None

 Warning: R_r_4556 listOfProducts=None

 Warning: R_r_4557 listOfProducts=None

 Warning: R_r_4558 listOfProducts=None

 Warning: R_r_4559 listOfProducts=None

 Warning: R_r_4560 listOfProducts=None

 Warning: R_r_4561 listOfProducts=None

 Warning: R_r_4562 listOfProducts=None

 Warning: R_r_4563 listOfProducts=None

 Warning: R_r_4564 listOfProducts=None

 Warning: R_r_4565 listOfProducts=None
done.
Reading seeds from  seeds.sbml ... done.
Reading targets from  targets.sbml ... done.

Checking draftnet for unproducible targets ... done.
  26 unproducible targets:
  "M_s_0666"
  "M_s_1148"
  "M_s_1405"
  "M_s_1346"
  "M_s_3718"
  "M_s_3720"
  "M_s_3742"
  "M_s_3740"
  "M_s_3714"
  "M_s_0089"
  "M_s_1351"
  "M_s_0672"
  "M_s_0694"
  "M_s_1099"
  "M_s_3741"
  "M_s_3747"
  "M_s_0649"
  "M_s_1096"
  "M_s_3717"
  "M_s_3743"
  "M_s_1524"
  "M_s_3746"
  "M_s_1379"
  "M_s_1107"
  "M_s_1337"
  "M_s_1314"

Reading repair network from  modelSce.xml ... 
 Warning: R_r_1542 listOfProducts=None

 Warning: R_r_1545 listOfProducts=None

 Warning: R_r_1546 listOfProducts=None

 Warning: R_r_1547 listOfProducts=None

 Warning: R_r_1548 listOfProducts=None

 Warning: R_r_1549 listOfProducts=None

 Warning: R_r_1550 listOfProducts=None

 Warning: R_r_1551 listOfProducts=None

 Warning: R_r_1552 listOfProducts=None

 Warning: R_r_1553 listOfProducts=None

 Warning: R_r_1554 listOfProducts=None

 Warning: R_r_1563 listOfProducts=None

 Warning: R_r_1564 listOfProducts=None

 Warning: R_r_1565 listOfProducts=None

 Warning: R_r_1566 listOfProducts=None

 Warning: R_r_1572 listOfProducts=None

 Warning: R_r_1577 listOfProducts=None

 Warning: R_r_1580 listOfProducts=None

 Warning: R_r_1581 listOfProducts=None

 Warning: R_r_1586 listOfProducts=None

 Warning: R_r_1589 listOfProducts=None

 Warning: R_r_1598 listOfProducts=None

 Warning: R_r_1604 listOfProducts=None

 Warning: R_r_1621 listOfProducts=None

 Warning: R_r_1625 listOfProducts=None

 Warning: R_r_1627 listOfProducts=None

 Warning: R_r_1629 listOfProducts=None

 Warning: R_r_1630 listOfProducts=None

 Warning: R_r_1631 listOfProducts=None

 Warning: R_r_1634 listOfProducts=None

 Warning: R_r_1639 listOfProducts=None

 Warning: R_r_1641 listOfProducts=None

 Warning: R_r_1643 listOfProducts=None

 Warning: R_r_1648 listOfProducts=None

 Warning: R_r_1649 listOfProducts=None

 Warning: R_r_1650 listOfProducts=None

 Warning: R_r_1651 listOfProducts=None

 Warning: R_r_1654 listOfProducts=None

 Warning: R_r_1663 listOfProducts=None

 Warning: R_r_1671 listOfProducts=None

 Warning: R_r_1672 listOfProducts=None

 Warning: R_r_1683 listOfProducts=None

 Warning: R_r_1687 listOfProducts=None

 Warning: R_r_1702 listOfProducts=None

 Warning: R_r_1705 listOfProducts=None

 Warning: R_r_1706 listOfProducts=None

 Warning: R_r_1709 listOfProducts=None

 Warning: R_r_1710 listOfProducts=None

 Warning: R_r_1711 listOfProducts=None

 Warning: R_r_1712 listOfProducts=None

 Warning: R_r_1714 listOfProducts=None

 Warning: R_r_1715 listOfProducts=None

 Warning: R_r_1716 listOfProducts=None

 Warning: R_r_1718 listOfProducts=None

 Warning: R_r_1727 listOfProducts=None

 Warning: R_r_1730 listOfProducts=None

 Warning: R_r_1749 listOfProducts=None

 Warning: R_r_1753 listOfProducts=None

 Warning: R_r_1757 listOfProducts=None

 Warning: R_r_1761 listOfProducts=None

 Warning: R_r_1764 listOfProducts=None

 Warning: R_r_1765 listOfProducts=None

 Warning: R_r_1788 listOfProducts=None

 Warning: R_r_1791 listOfProducts=None

 Warning: R_r_1792 listOfProducts=None

 Warning: R_r_1793 listOfProducts=None

 Warning: R_r_1798 listOfProducts=None

 Warning: R_r_1800 listOfProducts=None

 Warning: R_r_1806 listOfProducts=None

 Warning: R_r_1807 listOfProducts=None

 Warning: R_r_1808 listOfProducts=None

 Warning: R_r_1810 listOfProducts=None

 Warning: R_r_1814 listOfProducts=None

 Warning: R_r_1815 listOfProducts=None

 Warning: R_r_1818 listOfProducts=None

 Warning: R_r_1820 listOfProducts=None

 Warning: R_r_1832 listOfProducts=None

 Warning: R_r_1834 listOfProducts=None

 Warning: R_r_1841 listOfProducts=None

 Warning: R_r_1843 listOfProducts=None

 Warning: R_r_1847 listOfProducts=None

 Warning: R_r_1861 listOfProducts=None

 Warning: R_r_1862 listOfProducts=None

 Warning: R_r_1865 listOfProducts=None

 Warning: R_r_1866 listOfProducts=None

 Warning: R_r_1867 listOfProducts=None

 Warning: R_r_1870 listOfProducts=None

 Warning: R_r_1873 listOfProducts=None

 Warning: R_r_1875 listOfProducts=None

 Warning: R_r_1878 listOfProducts=None

 Warning: R_r_1879 listOfProducts=None

 Warning: R_r_1880 listOfProducts=None

 Warning: R_r_1881 listOfProducts=None

 Warning: R_r_1883 listOfProducts=None

 Warning: R_r_1886 listOfProducts=None

 Warning: R_r_1889 listOfProducts=None

 Warning: R_r_1891 listOfProducts=None

 Warning: R_r_1893 listOfProducts=None

 Warning: R_r_1896 listOfProducts=None

 Warning: R_r_1897 listOfProducts=None

 Warning: R_r_1899 listOfProducts=None

 Warning: R_r_1900 listOfProducts=None

 Warning: R_r_1902 listOfProducts=None

 Warning: R_r_1903 listOfProducts=None

 Warning: R_r_1904 listOfProducts=None

 Warning: R_r_1906 listOfProducts=None

 Warning: R_r_1909 listOfProducts=None

 Warning: R_r_1911 listOfProducts=None

 Warning: R_r_1912 listOfProducts=None

 Warning: R_r_1913 listOfProducts=None

 Warning: R_r_1914 listOfProducts=None

 Warning: R_r_1915 listOfProducts=None

 Warning: R_r_1916 listOfProducts=None

 Warning: R_r_1931 listOfProducts=None

 Warning: R_r_1947 listOfProducts=None

 Warning: R_r_1952 listOfProducts=None

 Warning: R_r_1967 listOfProducts=None

 Warning: R_r_1968 listOfProducts=None

 Warning: R_r_1984 listOfProducts=None

 Warning: R_r_1987 listOfProducts=None

 Warning: R_r_1989 listOfProducts=None

 Warning: R_r_1992 listOfProducts=None

 Warning: R_r_1993 listOfProducts=None

 Warning: R_r_1994 listOfProducts=None

 Warning: R_r_1999 listOfProducts=None

 Warning: R_r_2000 listOfProducts=None

 Warning: R_r_2001 listOfProducts=None

 Warning: R_r_2005 listOfProducts=None

 Warning: R_r_2020 listOfProducts=None

 Warning: R_r_2024 listOfProducts=None

 Warning: R_r_2028 listOfProducts=None

 Warning: R_r_2033 listOfProducts=None

 Warning: R_r_2038 listOfProducts=None

 Warning: R_r_2043 listOfProducts=None

 Warning: R_r_2044 listOfProducts=None

 Warning: R_r_2046 listOfProducts=None

 Warning: R_r_2049 listOfProducts=None

 Warning: R_r_2051 listOfProducts=None

 Warning: R_r_2052 listOfProducts=None

 Warning: R_r_2055 listOfProducts=None

 Warning: R_r_2056 listOfProducts=None

 Warning: R_r_2058 listOfProducts=None

 Warning: R_r_2060 listOfProducts=None

 Warning: R_r_2061 listOfProducts=None

 Warning: R_r_2062 listOfProducts=None

 Warning: R_r_2066 listOfProducts=None

 Warning: R_r_2067 listOfProducts=None

 Warning: R_r_2068 listOfProducts=None

 Warning: R_r_2073 listOfProducts=None

 Warning: R_r_2083 listOfProducts=None

 Warning: R_r_2090 listOfProducts=None

 Warning: R_r_2091 listOfProducts=None

 Warning: R_r_2092 listOfProducts=None

 Warning: R_r_2100 listOfProducts=None

 Warning: R_r_2102 listOfProducts=None

 Warning: R_r_2104 listOfProducts=None

 Warning: R_r_2106 listOfProducts=None

 Warning: R_r_2111 listOfProducts=None

 Warning: R_r_2134 listOfProducts=None

 Warning: R_r_2137 listOfProducts=None

 Warning: R_r_2187 listOfProducts=None

 Warning: R_r_2188 listOfProducts=None

 Warning: R_r_2189 listOfProducts=None

 Warning: R_r_2193 listOfProducts=None

 Warning: R_r_4043 listOfProducts=None

 Warning: R_r_4044 listOfProducts=None

 Warning: R_r_4062 listOfProducts=None

 Warning: R_r_4064 listOfProducts=None

 Warning: R_r_4442 listOfProducts=None

 Warning: R_r_4494 listOfProducts=None

 Warning: R_r_4496 listOfProducts=None

 Warning: R_r_4497 listOfProducts=None

 Warning: R_r_4498 listOfProducts=None

 Warning: R_r_4499 listOfProducts=None

 Warning: R_r_4500 listOfProducts=None

 Warning: R_r_4501 listOfProducts=None

 Warning: R_r_4502 listOfProducts=None

 Warning: R_r_4503 listOfProducts=None

 Warning: R_r_4504 listOfProducts=None

 Warning: R_r_4505 listOfProducts=None

 Warning: R_r_4506 listOfProducts=None

 Warning: R_r_4507 listOfProducts=None

 Warning: R_r_4508 listOfProducts=None

 Warning: R_r_4509 listOfProducts=None

 Warning: R_r_4510 listOfProducts=None

 Warning: R_r_4511 listOfProducts=None

 Warning: R_r_4512 listOfProducts=None

 Warning: R_r_4513 listOfProducts=None

 Warning: R_r_4514 listOfProducts=None

 Warning: R_r_4515 listOfProducts=None

 Warning: R_r_4516 listOfProducts=None

 Warning: R_r_4517 listOfProducts=None

 Warning: R_r_4518 listOfProducts=None

 Warning: R_r_4519 listOfProducts=None

 Warning: R_r_4520 listOfProducts=None

 Warning: R_r_4521 listOfProducts=None

 Warning: R_r_4522 listOfProducts=None

 Warning: R_r_4523 listOfProducts=None

 Warning: R_r_4524 listOfProducts=None

 Warning: R_r_4525 listOfProducts=None

 Warning: R_r_4526 listOfProducts=None

 Warning: R_r_4527 listOfProducts=None

 Warning: R_r_4528 listOfProducts=None

 Warning: R_r_4529 listOfProducts=None

 Warning: R_r_4530 listOfProducts=None

 Warning: R_r_4531 listOfProducts=None

 Warning: R_r_4532 listOfProducts=None

 Warning: R_r_4533 listOfProducts=None

 Warning: R_r_4534 listOfProducts=None

 Warning: R_r_4535 listOfProducts=None

 Warning: R_r_4536 listOfProducts=None

 Warning: R_r_4537 listOfProducts=None

 Warning: R_r_4538 listOfProducts=None

 Warning: R_r_4539 listOfProducts=None

 Warning: R_r_4540 listOfProducts=None

 Warning: R_r_4541 listOfProducts=None

 Warning: R_r_4542 listOfProducts=None

 Warning: R_r_4543 listOfProducts=None

 Warning: R_r_4544 listOfProducts=None

 Warning: R_r_4545 listOfProducts=None

 Warning: R_r_4546 listOfProducts=None

 Warning: R_r_4547 listOfProducts=None

 Warning: R_r_4548 listOfProducts=None

 Warning: R_r_4549 listOfProducts=None

 Warning: R_r_4550 listOfProducts=None

 Warning: R_r_4551 listOfProducts=None

 Warning: R_r_4552 listOfProducts=None

 Warning: R_r_4553 listOfProducts=None

 Warning: R_r_4554 listOfProducts=None

 Warning: R_r_4555 listOfProducts=None

 Warning: R_r_4556 listOfProducts=None

 Warning: R_r_4557 listOfProducts=None

 Warning: R_r_4558 listOfProducts=None

 Warning: R_r_4559 listOfProducts=None

 Warning: R_r_4560 listOfProducts=None

 Warning: R_r_4561 listOfProducts=None

 Warning: R_r_4562 listOfProducts=None

 Warning: R_r_4563 listOfProducts=None

 Warning: R_r_4564 listOfProducts=None

 Warning: R_r_4565 listOfProducts=None
done.

Checking draftnet + repairnet for unproducible targets ... done.
  still 2 unproducible targets:
  "M_s_3718"
  "M_s_1107"

  24 targets to reconstruct:
  "M_s_1405"
  "M_s_1346"
  "M_s_3746"
  "M_s_3720"
  "M_s_3740"
  "M_s_3714"
  "M_s_0089"
  "M_s_1351"
  "M_s_0666"
  "M_s_0694"
  "M_s_1099"
  "M_s_1148"
  "M_s_3747"
  "M_s_0649"
  "M_s_3742"
  "M_s_3717"
  "M_s_0672"
  "M_s_1524"
  "M_s_1379"
  "M_s_3741"
  "M_s_1337"
  "M_s_1314"
  "M_s_1096"
  "M_s_3743"

Computing essential reactions for target("M_s_1405") ... done.
  1 essential reactions found:
  "R_r_2030"

Computing essential reactions for target("M_s_1346") ... done.
  1 essential reactions found:
  "R_r_0067"

Computing essential reactions for target("M_s_3746") ... done.
  0 essential reactions found:

Computing essential reactions for target("M_s_3720") ... done.
  1 essential reactions found:
  "R_r_0067"

Computing essential reactions for target("M_s_3740") ... done.
  0 essential reactions found:

Computing essential reactions for target("M_s_3714") ... done.
  1 essential reactions found:
  "R_r_0942"

Computing essential reactions for target("M_s_0089") ... done.
  1 essential reactions found:
  "R_r_0757"

Computing essential reactions for target("M_s_1351") ... done.
  0 essential reactions found:

Computing essential reactions for target("M_s_0666") ... done.
  1 essential reactions found:
  "R_r_0067"

Computing essential reactions for target("M_s_0694") ... done.
  0 essential reactions found:

Computing essential reactions for target("M_s_1099") ... done.
  1 essential reactions found:
  "R_r_0678"

Computing essential reactions for target("M_s_1148") ... done.
  1 essential reactions found:
  "R_r_0067"

Computing essential reactions for target("M_s_3747") ... done.
  0 essential reactions found:

Computing essential reactions for target("M_s_0649") ... done.
  1 essential reactions found:
  "R_r_0067"

Computing essential reactions for target("M_s_3742") ... done.
  0 essential reactions found:

Computing essential reactions for target("M_s_3717") ... done.
  4 essential reactions found:
  "R_r_1887"
  "R_r_0067"
  "R_r_0938"
  "R_r_0678"

Computing essential reactions for target("M_s_0672") ... done.
  1 essential reactions found:
  "R_r_0067"

Computing essential reactions for target("M_s_1524") ... done.
  0 essential reactions found:

Computing essential reactions for target("M_s_1379") ... done.
  1 essential reactions found:
  "R_r_1887"

Computing essential reactions for target("M_s_3741") ... done.
  0 essential reactions found:

Computing essential reactions for target("M_s_1337") ... done.
  0 essential reactions found:

Computing essential reactions for target("M_s_1314") ... done.
  1 essential reactions found:
  "R_r_0938"

Computing essential reactions for target("M_s_1096") ... done.
  0 essential reactions found:

Computing essential reactions for target("M_s_3743") ... done.
  0 essential reactions found:

Overall 7 essential reactions found.
  "R_r_0678"
  "R_r_0067"
  "R_r_0942"
  "R_r_1887"
  "R_r_0757"
  "R_r_2030"
  "R_r_0938"

Adding essential reactions to network.

Computing one minimal completion to produce all targets ... done.
  "R_r_3979"
  "R_r_1887"
  "R_r_0678"
  "R_r_0942"
  "R_r_3978"
  "R_r_0067"
  "R_r_0757"
  "R_r_0938"
  "R_r_2030"
  "R_r_3991"
  "R_r_3970"
  "R_r_4000"
  "R_r_3971"
  "R_r_4025"

Computing common reactions in all completion with size 14 ... done.
  "R_r_0067"
  "R_r_0942"
  "R_r_0678"
  "R_r_2030"
  "R_r_0938"
  "R_r_1887"
  "R_r_0757"

Computing union of reactions from all completion with size 14 ... done.
  "R_r_4028"
  "R_r_4014"
  "R_r_4018"
  "R_r_3963"
  "R_r_0678"
  "R_r_4015"
  "R_r_3968"
  "R_r_0938"
  "R_r_2030"
  "R_r_3989"
  "R_r_4001"
  "R_r_3991"
  "R_r_3990"
  "R_r_3994"
  "R_r_3970"
  "R_r_4000"
  "R_r_4035"
  "R_r_4026"
  "R_r_3983"
  "R_r_3969"
  "R_r_4030"
  "R_r_4006"
  "R_r_3979"
  "R_r_3980"
  "R_r_3985"
  "R_r_3976"
  "R_r_0757"
  "R_r_3965"
  "R_r_4027"
  "R_r_4013"
  "R_r_4031"
  "R_r_4017"
  "R_r_4021"
  "R_r_4002"
  "R_r_4010"
  "R_r_1887"
  "R_r_4009"
  "R_r_4037"
  "R_r_3964"
  "R_r_3977"
  "R_r_3997"
  "R_r_4007"
  "R_r_4016"
  "R_r_4011"
  "R_r_4033"
  "R_r_4012"
  "R_r_3988"
  "R_r_3995"
  "R_r_4024"
  "R_r_3999"
  "R_r_0067"
  "R_r_3981"
  "R_r_3972"
  "R_r_4023"
  "R_r_3984"
  "R_r_3971"
  "R_r_4036"
  "R_r_3998"
  "R_r_4020"
  "R_r_4025"
  "R_r_3986"
  "R_r_4003"
  "R_r_4034"
  "R_r_4029"
  "R_r_4022"
  "R_r_3993"
  "R_r_4019"
  "R_r_3978"
  "R_r_0942"
  "R_r_3992"
  "R_r_4008"
  "R_r_3966"
  "R_r_3967"
  "R_r_3975"
  "R_r_4032"
  "R_r_3982"
  "R_r_4004"
